<?xml version="1.0" encoding="UTF-8"?>
<coverage generated="1653515094559" clover="3.2.0">
  <project timestamp="1653515094560" name="All files">
    <metrics statements="6" coveredstatements="6" conditionals="2" coveredconditionals="2" methods="3" coveredmethods="3" elements="11" coveredelements="11" complexity="0" loc="6" ncloc="6" packages="2" files="2" classes="2"/>
    <package name="AppBtn">
      <metrics statements="5" coveredstatements="5" conditionals="2" coveredconditionals="2" methods="3" coveredmethods="3"/>
      <file name="AppBtn.vue" path="D:/Work/weather/src/components/AppBtn/AppBtn.vue">
        <metrics statements="5" coveredstatements="5" conditionals="2" coveredconditionals="2" methods="3" coveredmethods="3"/>
        <line num="14" count="1" type="stmt"/>
        <line num="15" count="4" type="stmt"/>
        <line num="27" count="4" type="stmt"/>
        <line num="28" count="2" type="stmt"/>
        <line num="31" count="7" type="cond" truecount="2" falsecount="0"/>
      </file>
    </package>
    <package name="AppSvgSprite">
      <metrics statements="1" coveredstatements="1" conditionals="0" coveredconditionals="0" methods="0" coveredmethods="0"/>
      <file name="AppSvgSprite.vue" path="D:/Work/weather/src/components/AppSvgSprite/AppSvgSprite.vue">
        <metrics statements="1" coveredstatements="1" conditionals="0" coveredconditionals="0" methods="0" coveredmethods="0"/>
        <line num="19" count="4" type="stmt"/>
      </file>
    </package>
  </project>
</coverage>
