{"D:/Work/weather/src/components/AppBtn/AppBtn.vue": {"path":"D:/Work/weather/src/components/AppBtn/AppBtn.vue","statementMap":{"0":{"start":{"line":14,"column":0},"end":{"line":14,"column":null}},"1":{"start":{"line":15,"column":0},"end":{"line":15,"column":null}},"2":{"start":{"line":15,"column":6},"end":{"line":15,"column":null}},"3":{"start":{"line":27,"column":21},"end":{"line":27,"column":null}},"4":{"start":{"line":28,"column":8},"end":{"line":28,"column":15}},"5":{"start":{"line":31,"column":18},"end":{"line":31,"column":27}},"6":{"start":{"line":31,"column":33},"end":{"line":31,"column":40}}},"fnMap":{"0":{"name":"(anonymous_7)","decl":{"start":{"line":28,"column":2},"end":{"line":28,"column":8}},"loc":{"start":{"line":28,"column":2},"end":{"line":28,"column":null}}},"1":{"name":"(anonymous_8)","decl":{"start":{"line":28,"column":8},"end":{"line":28,"column":15}},"loc":{"start":{"line":28,"column":8},"end":{"line":28,"column":60}}},"2":{"name":"(anonymous_9)","decl":{"start":{"line":31,"column":27},"end":{"line":31,"column":33}},"loc":{"start":{"line":31,"column":27},"end":{"line":31,"column":null}}}},"branchMap":{"0":{"loc":{"start":{"line":31,"column":41},"end":{"line":31,"column":70}},"type":"binary-expr","locations":[{"start":{"line":31,"column":41},"end":{"line":31,"column":55}},{"start":{"line":31,"column":55},"end":{"line":31,"column":70}}]}},"s":{"0":1,"1":4,"2":4,"3":4,"4":2,"5":4,"6":7},"f":{"0":1,"1":1,"2":7},"b":{"0":[7,5]}}
,"D:/Work/weather/src/components/AppSvgSprite/AppSvgSprite.vue": {"path":"D:/Work/weather/src/components/AppSvgSprite/AppSvgSprite.vue","statementMap":{"0":{"start":{"line":19,"column":0},"end":{"line":19,"column":null}},"1":{"start":{"line":19,"column":6},"end":{"line":19,"column":null}}},"fnMap":{},"branchMap":{},"s":{"0":4,"1":4},"f":{},"b":{}}
}
